<?xml version="1.0" encoding="UTF-8"?>
<testsuite name="spring.repository.PersonRepositoryTest" tests="1" skipped="0" failures="0" errors="0" timestamp="2023-02-05T10:30:12" hostname="EDWINP-MENDEZ" time="0.313">
  <properties/>
  <testcase name="methodTest" classname="spring.repository.PersonRepositoryTest" time="0.313"/>
  <system-out><![CDATA[05:30:07.603 [Test worker] DEBUG org.springframework.test.context.junit4.SpringJUnit4ClassRunner - SpringJUnit4ClassRunner constructor called with [class spring.repository.PersonRepositoryTest]
05:30:07.608 [Test worker] DEBUG org.springframework.test.context.BootstrapUtils - Instantiating CacheAwareContextLoaderDelegate from class [org.springframework.test.context.cache.DefaultCacheAwareContextLoaderDelegate]
05:30:07.615 [Test worker] DEBUG org.springframework.test.context.BootstrapUtils - Instantiating BootstrapContext using constructor [public org.springframework.test.context.support.DefaultBootstrapContext(java.lang.Class,org.springframework.test.context.CacheAwareContextLoaderDelegate)]
05:30:07.634 [Test worker] DEBUG org.springframework.test.context.BootstrapUtils - Instantiating TestContextBootstrapper for test class [spring.repository.PersonRepositoryTest] from class [org.springframework.boot.test.context.SpringBootTestContextBootstrapper]
05:30:07.642 [Test worker] INFO org.springframework.boot.test.context.SpringBootTestContextBootstrapper - Neither @ContextConfiguration nor @ContextHierarchy found for test class [spring.repository.PersonRepositoryTest], using SpringBootContextLoader
05:30:07.644 [Test worker] DEBUG org.springframework.test.context.support.AbstractContextLoader - Did not detect default resource location for test class [spring.repository.PersonRepositoryTest]: class path resource [spring/repository/PersonRepositoryTest-context.xml] does not exist
05:30:07.644 [Test worker] DEBUG org.springframework.test.context.support.AbstractContextLoader - Did not detect default resource location for test class [spring.repository.PersonRepositoryTest]: class path resource [spring/repository/PersonRepositoryTestContext.groovy] does not exist
05:30:07.644 [Test worker] INFO org.springframework.test.context.support.AbstractContextLoader - Could not detect default resource locations for test class [spring.repository.PersonRepositoryTest]: no resource found for suffixes {-context.xml, Context.groovy}.
05:30:07.644 [Test worker] INFO org.springframework.test.context.support.AnnotationConfigContextLoaderUtils - Could not detect default configuration classes for test class [spring.repository.PersonRepositoryTest]: PersonRepositoryTest does not declare any static, non-private, non-final, nested classes annotated with @Configuration.
05:30:07.772 [Test worker] DEBUG org.springframework.context.annotation.ClassPathScanningCandidateComponentProvider - Identified candidate component class: file [C:\Users\edwin.mendez\Downloads\spring-data-envers-audit-entity-master\spring-jpa-envers\build\classes\java\main\spring\SpringJpaEnvers.class]
05:30:07.773 [Test worker] INFO org.springframework.boot.test.context.SpringBootTestContextBootstrapper - Found @SpringBootConfiguration spring.SpringJpaEnvers for test class spring.repository.PersonRepositoryTest
05:30:07.899 [Test worker] DEBUG org.springframework.boot.test.context.SpringBootTestContextBootstrapper - @TestExecutionListeners is not present for class [spring.repository.PersonRepositoryTest]: using defaults.
05:30:07.899 [Test worker] INFO org.springframework.boot.test.context.SpringBootTestContextBootstrapper - Loaded default TestExecutionListener class names from location [META-INF/spring.factories]: [org.springframework.boot.test.autoconfigure.restdocs.RestDocsTestExecutionListener, org.springframework.boot.test.autoconfigure.web.client.MockRestServiceServerResetTestExecutionListener, org.springframework.boot.test.autoconfigure.web.servlet.MockMvcPrintOnlyOnFailureTestExecutionListener, org.springframework.boot.test.autoconfigure.web.servlet.WebDriverTestExecutionListener, org.springframework.boot.test.mock.mockito.MockitoTestExecutionListener, org.springframework.boot.test.mock.mockito.ResetMocksTestExecutionListener, org.springframework.test.context.web.ServletTestExecutionListener, org.springframework.test.context.support.DirtiesContextBeforeModesTestExecutionListener, org.springframework.test.context.support.DependencyInjectionTestExecutionListener, org.springframework.test.context.support.DirtiesContextTestExecutionListener, org.springframework.test.context.transaction.TransactionalTestExecutionListener, org.springframework.test.context.jdbc.SqlScriptsTestExecutionListener]
05:30:07.916 [Test worker] INFO org.springframework.boot.test.context.SpringBootTestContextBootstrapper - Using TestExecutionListeners: [org.springframework.test.context.web.ServletTestExecutionListener@621f62ab, org.springframework.test.context.support.DirtiesContextBeforeModesTestExecutionListener@ce5a4ae, org.springframework.boot.test.mock.mockito.MockitoTestExecutionListener@72b886cd, org.springframework.boot.test.autoconfigure.SpringBootDependencyInjectionTestExecutionListener@4374b331, org.springframework.test.context.support.DirtiesContextTestExecutionListener@5a678bce, org.springframework.test.context.transaction.TransactionalTestExecutionListener@7b8694f8, org.springframework.test.context.jdbc.SqlScriptsTestExecutionListener@4dbefbab, org.springframework.boot.test.autoconfigure.restdocs.RestDocsTestExecutionListener@2bb53416, org.springframework.boot.test.autoconfigure.web.client.MockRestServiceServerResetTestExecutionListener@4deaf355, org.springframework.boot.test.autoconfigure.web.servlet.MockMvcPrintOnlyOnFailureTestExecutionListener@2848f44, org.springframework.boot.test.autoconfigure.web.servlet.WebDriverTestExecutionListener@38dd4f1c, org.springframework.boot.test.mock.mockito.ResetMocksTestExecutionListener@3a4ad995]
05:30:07.920 [Test worker] DEBUG org.springframework.test.annotation.ProfileValueUtils - Retrieved @ProfileValueSourceConfiguration [null] for test class [spring.repository.PersonRepositoryTest]
05:30:07.920 [Test worker] DEBUG org.springframework.test.annotation.ProfileValueUtils - Retrieved ProfileValueSource type [class org.springframework.test.annotation.SystemProfileValueSource] for class [spring.repository.PersonRepositoryTest]
05:30:07.924 [Test worker] DEBUG org.springframework.test.annotation.ProfileValueUtils - Retrieved @ProfileValueSourceConfiguration [null] for test class [spring.repository.PersonRepositoryTest]
05:30:07.924 [Test worker] DEBUG org.springframework.test.annotation.ProfileValueUtils - Retrieved ProfileValueSource type [class org.springframework.test.annotation.SystemProfileValueSource] for class [spring.repository.PersonRepositoryTest]
05:30:07.924 [Test worker] DEBUG org.springframework.test.annotation.ProfileValueUtils - Retrieved @ProfileValueSourceConfiguration [null] for test class [spring.repository.PersonRepositoryTest]
05:30:07.924 [Test worker] DEBUG org.springframework.test.annotation.ProfileValueUtils - Retrieved ProfileValueSource type [class org.springframework.test.annotation.SystemProfileValueSource] for class [spring.repository.PersonRepositoryTest]
05:30:07.928 [Test worker] DEBUG org.springframework.test.context.support.AbstractDirtiesContextTestExecutionListener - Before test class: context [DefaultTestContext@4d784250 testClass = PersonRepositoryTest, testInstance = [null], testMethod = [null], testException = [null], mergedContextConfiguration = [WebMergedContextConfiguration@2b194a52 testClass = PersonRepositoryTest, locations = '{}', classes = '{class spring.SpringJpaEnvers}', contextInitializerClasses = '[]', activeProfiles = '{entity-person}', propertySourceLocations = '{}', propertySourceProperties = '{org.springframework.boot.test.context.SpringBootTestContextBootstrapper=true}', contextCustomizers = set[org.springframework.boot.test.autoconfigure.properties.PropertyMappingContextCustomizer@e7e8512, org.springframework.boot.test.autoconfigure.web.servlet.WebDriverContextCustomizerFactory$Customizer@46ab9530, [ImportsContextCustomizer@3efd0598 key = [org.springframework.boot.test.autoconfigure.web.servlet.MockMvcAutoConfiguration, org.springframework.boot.test.autoconfigure.web.servlet.MockMvcSecurityAutoConfiguration, org.springframework.boot.test.autoconfigure.web.servlet.MockMvcWebClientAutoConfiguration, org.springframework.boot.test.autoconfigure.web.servlet.MockMvcWebDriverAutoConfiguration]], org.springframework.boot.test.context.filter.ExcludeFilterContextCustomizer@4f29871a, org.springframework.boot.test.json.DuplicateJsonObjectContextCustomizerFactory$DuplicateJsonObjectContextCustomizer@58929e6e, org.springframework.boot.test.mock.mockito.MockitoContextCustomizer@0, org.springframework.boot.test.web.client.TestRestTemplateContextCustomizer@671d24b9], resourceBasePath = 'src/main/webapp', contextLoader = 'org.springframework.boot.test.context.SpringBootContextLoader', parent = [null]], attributes = map['org.springframework.test.context.web.ServletTestExecutionListener.activateListener' -> true]], class annotated with @DirtiesContext [false] with mode [null].
05:30:07.928 [Test worker] DEBUG org.springframework.test.annotation.ProfileValueUtils - Retrieved @ProfileValueSourceConfiguration [null] for test class [spring.repository.PersonRepositoryTest]
05:30:07.928 [Test worker] DEBUG org.springframework.test.annotation.ProfileValueUtils - Retrieved ProfileValueSource type [class org.springframework.test.annotation.SystemProfileValueSource] for class [spring.repository.PersonRepositoryTest]
05:30:07.951 [Test worker] DEBUG org.springframework.test.context.support.TestPropertySourceUtils - Adding inlined properties to environment: {spring.jmx.enabled=false, org.springframework.boot.test.context.SpringBootTestContextBootstrapper=true, server.port=-1}

  .   ____          _            __ _ _
 /\\ / ___'_ __ _ _(_)_ __  __ _ \ \ \ \
( ( )\___ | '_ | '_| | '_ \/ _` | \ \ \ \
 \\/  ___)| |_)| | | | | || (_| |  ) ) ) )
  '  |____| .__|_| |_|_| |_\__, | / / / /
 =========|_|==============|___/=/_/_/_/
 :: Spring Boot ::        (v2.1.8.RELEASE)

2023-02-05 05:30:08.254  INFO 25036 --- [    Test worker] spring.repository.PersonRepositoryTest   : Starting PersonRepositoryTest on EDWINP-MENDEZ with PID 25036 (started by edwin.mendez in C:\Users\edwin.mendez\Downloads\spring-data-envers-audit-entity-master\spring-jpa-envers)
2023-02-05 05:30:08.255  INFO 25036 --- [    Test worker] spring.repository.PersonRepositoryTest   : The following profiles are active: entity-person
2023-02-05 05:30:08.665  INFO 25036 --- [    Test worker] .s.d.r.c.RepositoryConfigurationDelegate : Bootstrapping Spring Data repositories in DEFAULT mode.
2023-02-05 05:30:08.716  INFO 25036 --- [    Test worker] .s.d.r.c.RepositoryConfigurationDelegate : Finished Spring Data repository scanning in 45ms. Found 1 repository interfaces.
2023-02-05 05:30:09.109  INFO 25036 --- [    Test worker] trationDelegate$BeanPostProcessorChecker : Bean 'org.springframework.transaction.annotation.ProxyTransactionManagementConfiguration' of type [org.springframework.transaction.annotation.ProxyTransactionManagementConfiguration$$EnhancerBySpringCGLIB$$b32d087] is not eligible for getting processed by all BeanPostProcessors (for example: not eligible for auto-proxying)
2023-02-05 05:30:09.330  INFO 25036 --- [    Test worker] com.zaxxer.hikari.HikariDataSource       : HikariPool-1 - Starting...
2023-02-05 05:30:09.456  INFO 25036 --- [    Test worker] com.zaxxer.hikari.HikariDataSource       : HikariPool-1 - Start completed.
2023-02-05 05:30:09.522  INFO 25036 --- [    Test worker] o.hibernate.jpa.internal.util.LogHelper  : HHH000204: Processing PersistenceUnitInfo [
	name: default
	...]
2023-02-05 05:30:09.584  INFO 25036 --- [    Test worker] org.hibernate.Version                    : HHH000412: Hibernate Core {5.3.11.Final}
2023-02-05 05:30:09.585  INFO 25036 --- [    Test worker] org.hibernate.cfg.Environment            : HHH000206: hibernate.properties not found
2023-02-05 05:30:09.721  INFO 25036 --- [    Test worker] o.hibernate.annotations.common.Version   : HCANN000001: Hibernate Commons Annotations {5.0.4.Final}
2023-02-05 05:30:09.857  INFO 25036 --- [    Test worker] org.hibernate.dialect.Dialect            : HHH000400: Using dialect: org.hibernate.dialect.H2Dialect
2023-02-05 05:30:09.908  INFO 25036 --- [    Test worker] o.h.e.boot.internal.EnversServiceImpl    : Envers integration enabled? : true
2023-02-05 05:30:11.192  INFO 25036 --- [    Test worker] o.h.t.schema.internal.SchemaCreatorImpl  : HHH000476: Executing import script 'org.hibernate.tool.schema.internal.exec.ScriptSourceInputNonExistentImpl@37243bad'
2023-02-05 05:30:11.195  INFO 25036 --- [    Test worker] j.LocalContainerEntityManagerFactoryBean : Initialized JPA EntityManagerFactory for persistence unit 'default'
2023-02-05 05:30:12.041  INFO 25036 --- [    Test worker] o.s.s.concurrent.ThreadPoolTaskExecutor  : Initializing ExecutorService 'applicationTaskExecutor'
2023-02-05 05:30:12.094  WARN 25036 --- [    Test worker] aWebConfiguration$JpaWebMvcConfiguration : spring.jpa.open-in-view is enabled by default. Therefore, database queries may be performed during view rendering. Explicitly configure spring.jpa.open-in-view to disable this warning
2023-02-05 05:30:12.418  INFO 25036 --- [    Test worker] o.s.b.t.m.w.SpringBootMockServletContext : Initializing Spring TestDispatcherServlet ''
2023-02-05 05:30:12.418  INFO 25036 --- [    Test worker] o.s.t.web.servlet.TestDispatcherServlet  : Initializing Servlet ''
2023-02-05 05:30:12.431  INFO 25036 --- [    Test worker] o.s.t.web.servlet.TestDispatcherServlet  : Completed initialization in 13 ms
2023-02-05 05:30:12.445  INFO 25036 --- [    Test worker] spring.repository.PersonRepositoryTest   : Started PersonRepositoryTest in 4.487 seconds (JVM running for 5.497)
2023-02-05 05:30:12.476  INFO 25036 --- [    Test worker] o.s.t.c.transaction.TransactionContext   : Began transaction (1) for test context [DefaultTestContext@4d784250 testClass = PersonRepositoryTest, testInstance = spring.repository.PersonRepositoryTest@40fc55d3, testMethod = methodTest@PersonRepositoryTest, testException = [null], mergedContextConfiguration = [WebMergedContextConfiguration@2b194a52 testClass = PersonRepositoryTest, locations = '{}', classes = '{class spring.SpringJpaEnvers}', contextInitializerClasses = '[]', activeProfiles = '{entity-person}', propertySourceLocations = '{}', propertySourceProperties = '{org.springframework.boot.test.context.SpringBootTestContextBootstrapper=true}', contextCustomizers = set[org.springframework.boot.test.autoconfigure.properties.PropertyMappingContextCustomizer@e7e8512, org.springframework.boot.test.autoconfigure.web.servlet.WebDriverContextCustomizerFactory$Customizer@46ab9530, [ImportsContextCustomizer@3efd0598 key = [org.springframework.boot.test.autoconfigure.web.servlet.MockMvcAutoConfiguration, org.springframework.boot.test.autoconfigure.web.servlet.MockMvcSecurityAutoConfiguration, org.springframework.boot.test.autoconfigure.web.servlet.MockMvcWebClientAutoConfiguration, org.springframework.boot.test.autoconfigure.web.servlet.MockMvcWebDriverAutoConfiguration]], org.springframework.boot.test.context.filter.ExcludeFilterContextCustomizer@4f29871a, org.springframework.boot.test.json.DuplicateJsonObjectContextCustomizerFactory$DuplicateJsonObjectContextCustomizer@58929e6e, org.springframework.boot.test.mock.mockito.MockitoContextCustomizer@0, org.springframework.boot.test.web.client.TestRestTemplateContextCustomizer@671d24b9], resourceBasePath = 'src/main/webapp', contextLoader = 'org.springframework.boot.test.context.SpringBootContextLoader', parent = [null]], attributes = map['org.springframework.test.context.web.ServletTestExecutionListener.activateListener' -> true, 'org.springframework.test.context.web.ServletTestExecutionListener.populatedRequestContextHolder' -> true, 'org.springframework.test.context.web.ServletTestExecutionListener.resetRequestContextHolder' -> true]]; transaction manager [org.springframework.orm.jpa.JpaTransactionManager@35d40eb2]; rollback [true]
2023-02-05 05:30:12.632  INFO 25036 --- [    Test worker] o.h.h.i.QueryTranslatorFactoryInitiator  : HHH000397: Using ASTQueryTranslatorFactory
2023-02-05 05:30:12.775  INFO 25036 --- [    Test worker] o.s.t.c.transaction.TransactionContext   : Rolled back transaction for test: [DefaultTestContext@4d784250 testClass = PersonRepositoryTest, testInstance = spring.repository.PersonRepositoryTest@40fc55d3, testMethod = methodTest@PersonRepositoryTest, testException = [null], mergedContextConfiguration = [WebMergedContextConfiguration@2b194a52 testClass = PersonRepositoryTest, locations = '{}', classes = '{class spring.SpringJpaEnvers}', contextInitializerClasses = '[]', activeProfiles = '{entity-person}', propertySourceLocations = '{}', propertySourceProperties = '{org.springframework.boot.test.context.SpringBootTestContextBootstrapper=true}', contextCustomizers = set[org.springframework.boot.test.autoconfigure.properties.PropertyMappingContextCustomizer@e7e8512, org.springframework.boot.test.autoconfigure.web.servlet.WebDriverContextCustomizerFactory$Customizer@46ab9530, [ImportsContextCustomizer@3efd0598 key = [org.springframework.boot.test.autoconfigure.web.servlet.MockMvcAutoConfiguration, org.springframework.boot.test.autoconfigure.web.servlet.MockMvcSecurityAutoConfiguration, org.springframework.boot.test.autoconfigure.web.servlet.MockMvcWebClientAutoConfiguration, org.springframework.boot.test.autoconfigure.web.servlet.MockMvcWebDriverAutoConfiguration]], org.springframework.boot.test.context.filter.ExcludeFilterContextCustomizer@4f29871a, org.springframework.boot.test.json.DuplicateJsonObjectContextCustomizerFactory$DuplicateJsonObjectContextCustomizer@58929e6e, org.springframework.boot.test.mock.mockito.MockitoContextCustomizer@0, org.springframework.boot.test.web.client.TestRestTemplateContextCustomizer@671d24b9], resourceBasePath = 'src/main/webapp', contextLoader = 'org.springframework.boot.test.context.SpringBootContextLoader', parent = [null]], attributes = map['org.springframework.test.context.web.ServletTestExecutionListener.activateListener' -> true, 'org.springframework.test.context.web.ServletTestExecutionListener.populatedRequestContextHolder' -> true, 'org.springframework.test.context.web.ServletTestExecutionListener.resetRequestContextHolder' -> true]]
]]></system-out>
  <system-err><![CDATA[]]></system-err>
</testsuite>
